# JRE version: Java(TM) SE Runtime Environment (8.0_221-b11) (build 1.8.0_221-b11)
# Java VM: Java HotSpot(TM) 64-Bit Server VM (25.221-b11 mixed mode windows-amd64 compressed oops)
Heap:
 PSYoungGen      total 145408K, used 68033K [0x00000000d5580000, 0x00000000e1900000, 0x0000000100000000)
  eden space 134144K, 42% used [0x00000000d5580000,0x00000000d8cf14d8,0x00000000dd880000)
  from space 11264K, 99% used [0x00000000dd880000,0x00000000de37f320,0x00000000de380000)
  to   space 15872K, 0% used [0x00000000e0980000,0x00000000e0980000,0x00000000e1900000)
 ParOldGen       total 87552K, used 24230K [0x0000000080000000, 0x0000000085580000, 0x00000000d5580000)
  object space 87552K, 27% used [0x0000000080000000,0x00000000817a9948,0x0000000085580000)
 Metaspace       used 55485K, capacity 57714K, committed 57856K, reserved 1101824K
  class space    used 7725K, capacity 8170K, committed 8192K, reserved 1048576K
GC Heap History (10 events):
Event: 9.734 GC heap before
{Heap before GC invocations=9 (full 1):
 PSYoungGen      total 76800K, used 74154K [0x00000000d5580000, 0x00000000dcd00000, 0x0000000100000000)
  eden space 66048K, 100% used [0x00000000d5580000,0x00000000d9600000,0x00000000d9600000)
  from space 10752K, 75% used [0x00000000d9600000,0x00000000d9dea830,0x00000000da080000)
  to   space 10752K, 0% used [0x00000000dc280000,0x00000000dc280000,0x00000000dcd00000)
 ParOldGen       total 60928K, used 9028K [0x0000000080000000, 0x0000000083b80000, 0x00000000d5580000)
  object space 60928K, 14% used [0x0000000080000000,0x00000000808d1188,0x0000000083b80000)
 Metaspace       used 32870K, capacity 33908K, committed 34048K, reserved 1079296K
  class space    used 4587K, capacity 4850K, committed 4864K, reserved 1048576K
Event: 9.752 GC heap after
Heap after GC invocations=9 (full 1):
 PSYoungGen      total 110592K, used 9480K [0x00000000d5580000, 0x00000000dcf00000, 0x0000000100000000)
  eden space 99840K, 0% used [0x00000000d5580000,0x00000000d5580000,0x00000000db700000)
  from space 10752K, 88% used [0x00000000dc280000,0x00000000dcbc21d8,0x00000000dcd00000)
  to   space 11776K, 0% used [0x00000000db700000,0x00000000db700000,0x00000000dc280000)
 ParOldGen       total 60928K, used 9036K [0x0000000080000000, 0x0000000083b80000, 0x00000000d5580000)
  object space 60928K, 14% used [0x0000000080000000,0x00000000808d3188,0x0000000083b80000)
 Metaspace       used 32870K, capacity 33908K, committed 34048K, reserved 1079296K
  class space    used 4587K, capacity 4850K, committed 4864K, reserved 1048576K
}
Event: 10.119 GC heap before
{Heap before GC invocations=10 (full 1):
 PSYoungGen      total 110592K, used 38236K [0x00000000d5580000, 0x00000000dcf00000, 0x0000000100000000)
  eden space 99840K, 28% used [0x00000000d5580000,0x00000000d7195080,0x00000000db700000)
  from space 10752K, 88% used [0x00000000dc280000,0x00000000dcbc21d8,0x00000000dcd00000)
  to   space 11776K, 0% used [0x00000000db700000,0x00000000db700000,0x00000000dc280000)
 ParOldGen       total 60928K, used 9036K [0x0000000080000000, 0x0000000083b80000, 0x00000000d5580000)
  object space 60928K, 14% used [0x0000000080000000,0x00000000808d3188,0x0000000083b80000)
 Metaspace       used 34312K, capacity 35450K, committed 35496K, reserved 1079296K
  class space    used 4828K, capacity 5100K, committed 5120K, reserved 1048576K
Event: 10.136 GC heap after
Heap after GC invocations=10 (full 1):
 PSYoungGen      total 111616K, used 7976K [0x00000000d5580000, 0x00000000df300000, 0x0000000100000000)
  eden space 99840K, 0% used [0x00000000d5580000,0x00000000d5580000,0x00000000db700000)
  from space 11776K, 67% used [0x00000000db700000,0x00000000dbeca358,0x00000000dc280000)
  to   space 11776K, 0% used [0x00000000de780000,0x00000000de780000,0x00000000df300000)
 ParOldGen       total 60928K, used 9044K [0x0000000080000000, 0x0000000083b80000, 0x00000000d5580000)
  object space 60928K, 14% used [0x0000000080000000,0x00000000808d5188,0x0000000083b80000)
 Metaspace       used 34312K, capacity 35450K, committed 35496K, reserved 1079296K
  class space    used 4828K, capacity 5100K, committed 5120K, reserved 1048576K
}
Event: 10.136 GC heap before
{Heap before GC invocations=11 (full 2):
 PSYoungGen      total 111616K, used 7976K [0x00000000d5580000, 0x00000000df300000, 0x0000000100000000)
  eden space 99840K, 0% used [0x00000000d5580000,0x00000000d5580000,0x00000000db700000)
  from space 11776K, 67% used [0x00000000db700000,0x00000000dbeca358,0x00000000dc280000)
  to   space 11776K, 0% used [0x00000000de780000,0x00000000de780000,0x00000000df300000)
 ParOldGen       total 60928K, used 9044K [0x0000000080000000, 0x0000000083b80000, 0x00000000d5580000)
  object space 60928K, 14% used [0x0000000080000000,0x00000000808d5188,0x0000000083b80000)
 Metaspace       used 34312K, capacity 35450K, committed 35496K, reserved 1079296K
  class space    used 4828K, capacity 5100K, committed 5120K, reserved 1048576K
Event: 10.218 GC heap after
Heap after GC invocations=11 (full 2):
 PSYoungGen      total 111616K, used 0K [0x00000000d5580000, 0x00000000df300000, 0x0000000100000000)
  eden space 99840K, 0% used [0x00000000d5580000,0x00000000d5580000,0x00000000db700000)
  from space 11776K, 0% used [0x00000000db700000,0x00000000db700000,0x00000000dc280000)
  to   space 11776K, 0% used [0x00000000de780000,0x00000000de780000,0x00000000df300000)
 ParOldGen       total 87552K, used 14671K [0x0000000080000000, 0x0000000085580000, 0x00000000d5580000)
  object space 87552K, 16% used [0x0000000080000000,0x0000000080e53f80,0x0000000085580000)
 Metaspace       used 34312K, capacity 35450K, committed 35496K, reserved 1079296K
  class space    used 4828K, capacity 5100K, committed 5120K, reserved 1048576K
}
Event: 11.672 GC heap before
{Heap before GC invocations=12 (full 2):
 PSYoungGen      total 111616K, used 99840K [0x00000000d5580000, 0x00000000df300000, 0x0000000100000000)
  eden space 99840K, 100% used [0x00000000d5580000,0x00000000db700000,0x00000000db700000)
  from space 11776K, 0% used [0x00000000db700000,0x00000000db700000,0x00000000dc280000)
  to   space 11776K, 0% used [0x00000000de780000,0x00000000de780000,0x00000000df300000)
 ParOldGen       total 87552K, used 14671K [0x0000000080000000, 0x0000000085580000, 0x00000000d5580000)
  object space 87552K, 16% used [0x0000000080000000,0x0000000080e53f80,0x0000000085580000)
 Metaspace       used 37522K, capacity 39142K, committed 39168K, reserved 1083392K
  class space    used 5292K, capacity 5607K, committed 5632K, reserved 1048576K
Event: 11.686 GC heap after
Heap after GC invocations=12 (full 2):
 PSYoungGen      total 138240K, used 6977K [0x00000000d5580000, 0x00000000dee80000, 0x0000000100000000)
  eden space 131072K, 0% used [0x00000000d5580000,0x00000000d5580000,0x00000000dd580000)
  from space 7168K, 97% used [0x00000000de780000,0x00000000dee50728,0x00000000dee80000)
  to   space 11264K, 0% used [0x00000000dd880000,0x00000000dd880000,0x00000000de380000)
 ParOldGen       total 87552K, used 14679K [0x0000000080000000, 0x0000000085580000, 0x00000000d5580000)
  object space 87552K, 16% used [0x0000000080000000,0x0000000080e55f80,0x0000000085580000)
 Metaspace       used 37522K, capacity 39142K, committed 39168K, reserved 1083392K
  class space    used 5292K, capacity 5607K, committed 5632K, reserved 1048576K
}
Event: 15.183 GC heap before
{Heap before GC invocations=13 (full 2):
 PSYoungGen      total 138240K, used 138049K [0x00000000d5580000, 0x00000000dee80000, 0x0000000100000000)
  eden space 131072K, 100% used [0x00000000d5580000,0x00000000dd580000,0x00000000dd580000)
  from space 7168K, 97% used [0x00000000de780000,0x00000000dee50728,0x00000000dee80000)
  to   space 11264K, 0% used [0x00000000dd880000,0x00000000dd880000,0x00000000de380000)
 ParOldGen       total 87552K, used 14679K [0x0000000080000000, 0x0000000085580000, 0x00000000d5580000)
  object space 87552K, 16% used [0x0000000080000000,0x0000000080e55f80,0x0000000085580000)
 Metaspace       used 50942K, capacity 52902K, committed 53248K, reserved 1095680K
  class space    used 6973K, capacity 7368K, committed 7424K, reserved 1048576K
Event: 15.205 GC heap after
Heap after GC invocations=13 (full 2):
 PSYoungGen      total 145408K, used 11260K [0x00000000d5580000, 0x00000000e1900000, 0x0000000100000000)
  eden space 134144K, 0% used [0x00000000d5580000,0x00000000d5580000,0x00000000dd880000)
  from space 11264K, 99% used [0x00000000dd880000,0x00000000de37f320,0x00000000de380000)
  to   space 15872K, 0% used [0x00000000e0980000,0x00000000e0980000,0x00000000e1900000)
 ParOldGen       total 87552K, used 24230K [0x0000000080000000, 0x0000000085580000, 0x00000000d5580000)
  object space 87552K, 27% used [0x0000000080000000,0x00000000817a9948,0x0000000085580000)
 Metaspace       used 50942K, capacity 52902K, committed 53248K, reserved 1095680K
  class space    used 6973K, capacity 7368K, committed 7424K, reserved 1048576K
}

