# JRE version: Java(TM) SE Runtime Environment (8.0_221-b11) (build 1.8.0_221-b11)
# Java VM: Java HotSpot(TM) 64-Bit Server VM (25.221-b11 mixed mode windows-amd64 compressed oops)
Heap:
 PSYoungGen      total 613376K, used 452594K [0x00000000d5580000, 0x00000000ffb80000, 0x0000000100000000)
  eden space 537600K, 77% used [0x00000000d5580000,0x00000000eed5e1e8,0x00000000f6280000)
  from space 75776K, 46% used [0x00000000f6280000,0x00000000f849e8f0,0x00000000fac80000)
  to   space 73216K, 0% used [0x00000000fb400000,0x00000000fb400000,0x00000000ffb80000)
 ParOldGen       total 241664K, used 124104K [0x0000000080000000, 0x000000008ec00000, 0x00000000d5580000)
  object space 241664K, 51% used [0x0000000080000000,0x00000000879322d8,0x000000008ec00000)
 Metaspace       used 86856K, capacity 91800K, committed 92032K, reserved 1128448K
  class space    used 11692K, capacity 12561K, committed 12672K, reserved 1048576K
GC Heap History (10 events):
Event: 193.330 GC heap before
{Heap before GC invocations=45 (full 4):
 PSYoungGen      total 610304K, used 561676K [0x00000000d5580000, 0x0000000100000000, 0x0000000100000000)
  eden space 525312K, 100% used [0x00000000d5580000,0x00000000f5680000,0x00000000f5680000)
  from space 84992K, 42% used [0x00000000fa700000,0x00000000fca83028,0x00000000ffa00000)
  to   space 82432K, 0% used [0x00000000f5680000,0x00000000f5680000,0x00000000fa700000)
 ParOldGen       total 241664K, used 123856K [0x0000000080000000, 0x000000008ec00000, 0x00000000d5580000)
  object space 241664K, 51% used [0x0000000080000000,0x00000000878f42c8,0x000000008ec00000)
 Metaspace       used 86553K, capacity 91378K, committed 91648K, reserved 1128448K
  class space    used 11652K, capacity 12496K, committed 12544K, reserved 1048576K
Event: 193.362 GC heap after
Heap after GC invocations=45 (full 4):
 PSYoungGen      total 607744K, used 28953K [0x00000000d5580000, 0x00000000ffb80000, 0x0000000100000000)
  eden space 525312K, 0% used [0x00000000d5580000,0x00000000d5580000,0x00000000f5680000)
  from space 82432K, 35% used [0x00000000f5680000,0x00000000f72c65b8,0x00000000fa700000)
  to   space 81408K, 0% used [0x00000000fac00000,0x00000000fac00000,0x00000000ffb80000)
 ParOldGen       total 241664K, used 123928K [0x0000000080000000, 0x000000008ec00000, 0x00000000d5580000)
  object space 241664K, 51% used [0x0000000080000000,0x00000000879062c8,0x000000008ec00000)
 Metaspace       used 86553K, capacity 91378K, committed 91648K, reserved 1128448K
  class space    used 11652K, capacity 12496K, committed 12544K, reserved 1048576K
}
Event: 195.074 GC heap before
{Heap before GC invocations=46 (full 4):
 PSYoungGen      total 607744K, used 554265K [0x00000000d5580000, 0x00000000ffb80000, 0x0000000100000000)
  eden space 525312K, 100% used [0x00000000d5580000,0x00000000f5680000,0x00000000f5680000)
  from space 82432K, 35% used [0x00000000f5680000,0x00000000f72c65b8,0x00000000fa700000)
  to   space 81408K, 0% used [0x00000000fac00000,0x00000000fac00000,0x00000000ffb80000)
 ParOldGen       total 241664K, used 123928K [0x0000000080000000, 0x000000008ec00000, 0x00000000d5580000)
  object space 241664K, 51% used [0x0000000080000000,0x00000000879062c8,0x000000008ec00000)
 Metaspace       used 86563K, capacity 91378K, committed 91648K, reserved 1128448K
  class space    used 11652K, capacity 12496K, committed 12544K, reserved 1048576K
Event: 195.105 GC heap after
Heap after GC invocations=46 (full 4):
 PSYoungGen      total 611840K, used 15822K [0x00000000d5580000, 0x0000000100000000, 0x0000000100000000)
  eden space 530432K, 0% used [0x00000000d5580000,0x00000000d5580000,0x00000000f5b80000)
  from space 81408K, 19% used [0x00000000fac00000,0x00000000fbb73940,0x00000000ffb80000)
  to   space 82432K, 0% used [0x00000000f5b80000,0x00000000f5b80000,0x00000000fac00000)
 ParOldGen       total 241664K, used 123944K [0x0000000080000000, 0x000000008ec00000, 0x00000000d5580000)
  object space 241664K, 51% used [0x0000000080000000,0x000000008790a2c8,0x000000008ec00000)
 Metaspace       used 86563K, capacity 91378K, committed 91648K, reserved 1128448K
  class space    used 11652K, capacity 12496K, committed 12544K, reserved 1048576K
}
Event: 196.259 GC heap before
{Heap before GC invocations=47 (full 4):
 PSYoungGen      total 611840K, used 546254K [0x00000000d5580000, 0x0000000100000000, 0x0000000100000000)
  eden space 530432K, 100% used [0x00000000d5580000,0x00000000f5b80000,0x00000000f5b80000)
  from space 81408K, 19% used [0x00000000fac00000,0x00000000fbb73940,0x00000000ffb80000)
  to   space 82432K, 0% used [0x00000000f5b80000,0x00000000f5b80000,0x00000000fac00000)
 ParOldGen       total 241664K, used 123944K [0x0000000080000000, 0x000000008ec00000, 0x00000000d5580000)
  object space 241664K, 51% used [0x0000000080000000,0x000000008790a2c8,0x000000008ec00000)
 Metaspace       used 86577K, capacity 91378K, committed 91648K, reserved 1128448K
  class space    used 11654K, capacity 12496K, committed 12544K, reserved 1048576K
Event: 196.311 GC heap after
Heap after GC invocations=47 (full 4):
 PSYoungGen      total 612864K, used 38238K [0x00000000d5580000, 0x00000000ffa00000, 0x0000000100000000)
  eden space 530432K, 0% used [0x00000000d5580000,0x00000000d5580000,0x00000000f5b80000)
  from space 82432K, 46% used [0x00000000f5b80000,0x00000000f80d7888,0x00000000fac00000)
  to   space 78848K, 0% used [0x00000000fad00000,0x00000000fad00000,0x00000000ffa00000)
 ParOldGen       total 241664K, used 123960K [0x0000000080000000, 0x000000008ec00000, 0x00000000d5580000)
  object space 241664K, 51% used [0x0000000080000000,0x000000008790e2c8,0x000000008ec00000)
 Metaspace       used 86577K, capacity 91378K, committed 91648K, reserved 1128448K
  class space    used 11654K, capacity 12496K, committed 12544K, reserved 1048576K
}
Event: 197.250 GC heap before
{Heap before GC invocations=48 (full 4):
 PSYoungGen      total 612864K, used 568670K [0x00000000d5580000, 0x00000000ffa00000, 0x0000000100000000)
  eden space 530432K, 100% used [0x00000000d5580000,0x00000000f5b80000,0x00000000f5b80000)
  from space 82432K, 46% used [0x00000000f5b80000,0x00000000f80d7888,0x00000000fac00000)
  to   space 78848K, 0% used [0x00000000fad00000,0x00000000fad00000,0x00000000ffa00000)
 ParOldGen       total 241664K, used 123960K [0x0000000080000000, 0x000000008ec00000, 0x00000000d5580000)
  object space 241664K, 51% used [0x0000000080000000,0x000000008790e2c8,0x000000008ec00000)
 Metaspace       used 86583K, capacity 91378K, committed 91648K, reserved 1128448K
  class space    used 11654K, capacity 12496K, committed 12544K, reserved 1048576K
Event: 197.289 GC heap after
Heap after GC invocations=48 (full 4):
 PSYoungGen      total 612864K, used 36092K [0x00000000d5580000, 0x00000000ff680000, 0x0000000100000000)
  eden space 537600K, 0% used [0x00000000d5580000,0x00000000d5580000,0x00000000f6280000)
  from space 75264K, 47% used [0x00000000fad00000,0x00000000fd03f370,0x00000000ff680000)
  to   space 75776K, 0% used [0x00000000f6280000,0x00000000f6280000,0x00000000fac80000)
 ParOldGen       total 241664K, used 124072K [0x0000000080000000, 0x000000008ec00000, 0x00000000d5580000)
  object space 241664K, 51% used [0x0000000080000000,0x000000008792a2d8,0x000000008ec00000)
 Metaspace       used 86583K, capacity 91378K, committed 91648K, reserved 1128448K
  class space    used 11654K, capacity 12496K, committed 12544K, reserved 1048576K
}
Event: 199.813 GC heap before
{Heap before GC invocations=49 (full 4):
 PSYoungGen      total 612864K, used 573692K [0x00000000d5580000, 0x00000000ff680000, 0x0000000100000000)
  eden space 537600K, 100% used [0x00000000d5580000,0x00000000f6280000,0x00000000f6280000)
  from space 75264K, 47% used [0x00000000fad00000,0x00000000fd03f370,0x00000000ff680000)
  to   space 75776K, 0% used [0x00000000f6280000,0x00000000f6280000,0x00000000fac80000)
 ParOldGen       total 241664K, used 124072K [0x0000000080000000, 0x000000008ec00000, 0x00000000d5580000)
  object space 241664K, 51% used [0x0000000080000000,0x000000008792a2d8,0x000000008ec00000)
 Metaspace       used 86588K, capacity 91378K, committed 91648K, reserved 1128448K
  class space    used 11654K, capacity 12496K, committed 12544K, reserved 1048576K
Event: 199.880 GC heap after
Heap after GC invocations=49 (full 4):
 PSYoungGen      total 613376K, used 34938K [0x00000000d5580000, 0x00000000ffb80000, 0x0000000100000000)
  eden space 537600K, 0% used [0x00000000d5580000,0x00000000d5580000,0x00000000f6280000)
  from space 75776K, 46% used [0x00000000f6280000,0x00000000f849e8f0,0x00000000fac80000)
  to   space 73216K, 0% used [0x00000000fb400000,0x00000000fb400000,0x00000000ffb80000)
 ParOldGen       total 241664K, used 124104K [0x0000000080000000, 0x000000008ec00000, 0x00000000d5580000)
  object space 241664K, 51% used [0x0000000080000000,0x00000000879322d8,0x000000008ec00000)
 Metaspace       used 86588K, capacity 91378K, committed 91648K, reserved 1128448K
  class space    used 11654K, capacity 12496K, committed 12544K, reserved 1048576K
}

