# JRE version: Java(TM) SE Runtime Environment (8.0_221-b11) (build 1.8.0_221-b11)
# Java VM: Java HotSpot(TM) 64-Bit Server VM (25.221-b11 mixed mode windows-amd64 compressed oops)
Heap:
 PSYoungGen      total 336384K, used 220939K [0x00000000d5580000, 0x00000000ed680000, 0x0000000100000000)
  eden space 307200K, 71% used [0x00000000d5580000,0x00000000e2d42d28,0x00000000e8180000)
  from space 29184K, 0% used [0x00000000e8180000,0x00000000e8180000,0x00000000e9e00000)
  to   space 27648K, 0% used [0x00000000ebb80000,0x00000000ebb80000,0x00000000ed680000)
 ParOldGen       total 131072K, used 59884K [0x0000000080000000, 0x0000000088000000, 0x00000000d5580000)
  object space 131072K, 45% used [0x0000000080000000,0x0000000083a7b1e0,0x0000000088000000)
 Metaspace       used 94686K, capacity 99856K, committed 100136K, reserved 1136640K
  class space    used 12833K, capacity 13811K, committed 13864K, reserved 1048576K
GC Heap History (10 events):
Event: 36.409 GC heap before
{Heap before GC invocations=21 (full 3):
 PSYoungGen      total 279040K, used 250464K [0x00000000d5580000, 0x00000000ea500000, 0x0000000100000000)
  eden space 246272K, 100% used [0x00000000d5580000,0x00000000e4600000,0x00000000e4600000)
  from space 32768K, 12% used [0x00000000e4600000,0x00000000e4a18000,0x00000000e6600000)
  to   space 32768K, 0% used [0x00000000e8500000,0x00000000e8500000,0x00000000ea500000)
 ParOldGen       total 131072K, used 95893K [0x0000000080000000, 0x0000000088000000, 0x00000000d5580000)
  object space 131072K, 73% used [0x0000000080000000,0x0000000085da5550,0x0000000088000000)
 Metaspace       used 91915K, capacity 96522K, committed 96640K, reserved 1132544K
  class space    used 12461K, capacity 13332K, committed 13440K, reserved 1048576K
Event: 36.430 GC heap after
Heap after GC invocations=21 (full 3):
 PSYoungGen      total 303616K, used 7488K [0x00000000d5580000, 0x00000000ea080000, 0x0000000100000000)
  eden space 275456K, 0% used [0x00000000d5580000,0x00000000d5580000,0x00000000e6280000)
  from space 28160K, 26% used [0x00000000e8500000,0x00000000e8c50000,0x00000000ea080000)
  to   space 31744K, 0% used [0x00000000e6280000,0x00000000e6280000,0x00000000e8180000)
 ParOldGen       total 131072K, used 95901K [0x0000000080000000, 0x0000000088000000, 0x00000000d5580000)
  object space 131072K, 73% used [0x0000000080000000,0x0000000085da7550,0x0000000088000000)
 Metaspace       used 91915K, capacity 96522K, committed 96640K, reserved 1132544K
  class space    used 12461K, capacity 13332K, committed 13440K, reserved 1048576K
}
Event: 38.842 GC heap before
{Heap before GC invocations=22 (full 3):
 PSYoungGen      total 303616K, used 282944K [0x00000000d5580000, 0x00000000ea080000, 0x0000000100000000)
  eden space 275456K, 100% used [0x00000000d5580000,0x00000000e6280000,0x00000000e6280000)
  from space 28160K, 26% used [0x00000000e8500000,0x00000000e8c50000,0x00000000ea080000)
  to   space 31744K, 0% used [0x00000000e6280000,0x00000000e6280000,0x00000000e8180000)
 ParOldGen       total 131072K, used 95901K [0x0000000080000000, 0x0000000088000000, 0x00000000d5580000)
  object space 131072K, 73% used [0x0000000080000000,0x0000000085da7550,0x0000000088000000)
 Metaspace       used 91979K, capacity 96676K, committed 96896K, reserved 1132544K
  class space    used 12463K, capacity 13335K, committed 13440K, reserved 1048576K
Event: 38.869 GC heap after
Heap after GC invocations=22 (full 3):
 PSYoungGen      total 307200K, used 13056K [0x00000000d5580000, 0x00000000ebc00000, 0x0000000100000000)
  eden space 275456K, 0% used [0x00000000d5580000,0x00000000d5580000,0x00000000e6280000)
  from space 31744K, 41% used [0x00000000e6280000,0x00000000e6f40000,0x00000000e8180000)
  to   space 30208K, 0% used [0x00000000e9e80000,0x00000000e9e80000,0x00000000ebc00000)
 ParOldGen       total 131072K, used 95909K [0x0000000080000000, 0x0000000088000000, 0x00000000d5580000)
  object space 131072K, 73% used [0x0000000080000000,0x0000000085da9550,0x0000000088000000)
 Metaspace       used 91979K, capacity 96676K, committed 96896K, reserved 1132544K
  class space    used 12463K, capacity 13335K, committed 13440K, reserved 1048576K
}
Event: 41.703 GC heap before
{Heap before GC invocations=23 (full 3):
 PSYoungGen      total 307200K, used 288512K [0x00000000d5580000, 0x00000000ebc00000, 0x0000000100000000)
  eden space 275456K, 100% used [0x00000000d5580000,0x00000000e6280000,0x00000000e6280000)
  from space 31744K, 41% used [0x00000000e6280000,0x00000000e6f40000,0x00000000e8180000)
  to   space 30208K, 0% used [0x00000000e9e80000,0x00000000e9e80000,0x00000000ebc00000)
 ParOldGen       total 131072K, used 95909K [0x0000000080000000, 0x0000000088000000, 0x00000000d5580000)
  object space 131072K, 73% used [0x0000000080000000,0x0000000085da9550,0x0000000088000000)
 Metaspace       used 91981K, capacity 96676K, committed 96896K, reserved 1132544K
  class space    used 12463K, capacity 13335K, committed 13440K, reserved 1048576K
Event: 41.744 GC heap after
Heap after GC invocations=23 (full 3):
 PSYoungGen      total 335872K, used 14176K [0x00000000d5580000, 0x00000000eba80000, 0x0000000100000000)
  eden space 307200K, 0% used [0x00000000d5580000,0x00000000d5580000,0x00000000e8180000)
  from space 28672K, 49% used [0x00000000e9e80000,0x00000000eac58030,0x00000000eba80000)
  to   space 29184K, 0% used [0x00000000e8180000,0x00000000e8180000,0x00000000e9e00000)
 ParOldGen       total 131072K, used 95917K [0x0000000080000000, 0x0000000088000000, 0x00000000d5580000)
  object space 131072K, 73% used [0x0000000080000000,0x0000000085dab550,0x0000000088000000)
 Metaspace       used 91981K, capacity 96676K, committed 96896K, reserved 1132544K
  class space    used 12463K, capacity 13335K, committed 13440K, reserved 1048576K
}
Event: 45.349 GC heap before
{Heap before GC invocations=24 (full 3):
 PSYoungGen      total 335872K, used 211926K [0x00000000d5580000, 0x00000000eba80000, 0x0000000100000000)
  eden space 307200K, 64% used [0x00000000d5580000,0x00000000e169d968,0x00000000e8180000)
  from space 28672K, 49% used [0x00000000e9e80000,0x00000000eac58030,0x00000000eba80000)
  to   space 29184K, 0% used [0x00000000e8180000,0x00000000e8180000,0x00000000e9e00000)
 ParOldGen       total 131072K, used 95917K [0x0000000080000000, 0x0000000088000000, 0x00000000d5580000)
  object space 131072K, 73% used [0x0000000080000000,0x0000000085dab550,0x0000000088000000)
 Metaspace       used 93457K, capacity 98526K, committed 98600K, reserved 1134592K
  class space    used 12658K, capacity 13606K, committed 13608K, reserved 1048576K
Event: 45.372 GC heap after
Heap after GC invocations=24 (full 3):
 PSYoungGen      total 336384K, used 11475K [0x00000000d5580000, 0x00000000ed680000, 0x0000000100000000)
  eden space 307200K, 0% used [0x00000000d5580000,0x00000000d5580000,0x00000000e8180000)
  from space 29184K, 39% used [0x00000000e8180000,0x00000000e8cb4c08,0x00000000e9e00000)
  to   space 27648K, 0% used [0x00000000ebb80000,0x00000000ebb80000,0x00000000ed680000)
 ParOldGen       total 131072K, used 95925K [0x0000000080000000, 0x0000000088000000, 0x00000000d5580000)
  object space 131072K, 73% used [0x0000000080000000,0x0000000085dad550,0x0000000088000000)
 Metaspace       used 93457K, capacity 98526K, committed 98600K, reserved 1134592K
  class space    used 12658K, capacity 13606K, committed 13608K, reserved 1048576K
}
Event: 45.372 GC heap before
{Heap before GC invocations=25 (full 4):
 PSYoungGen      total 336384K, used 11475K [0x00000000d5580000, 0x00000000ed680000, 0x0000000100000000)
  eden space 307200K, 0% used [0x00000000d5580000,0x00000000d5580000,0x00000000e8180000)
  from space 29184K, 39% used [0x00000000e8180000,0x00000000e8cb4c08,0x00000000e9e00000)
  to   space 27648K, 0% used [0x00000000ebb80000,0x00000000ebb80000,0x00000000ed680000)
 ParOldGen       total 131072K, used 95925K [0x0000000080000000, 0x0000000088000000, 0x00000000d5580000)
  object space 131072K, 73% used [0x0000000080000000,0x0000000085dad550,0x0000000088000000)
 Metaspace       used 93457K, capacity 98526K, committed 98600K, reserved 1134592K
  class space    used 12658K, capacity 13606K, committed 13608K, reserved 1048576K
Event: 45.661 GC heap after
Heap after GC invocations=25 (full 4):
 PSYoungGen      total 336384K, used 0K [0x00000000d5580000, 0x00000000ed680000, 0x0000000100000000)
  eden space 307200K, 0% used [0x00000000d5580000,0x00000000d5580000,0x00000000e8180000)
  from space 29184K, 0% used [0x00000000e8180000,0x00000000e8180000,0x00000000e9e00000)
  to   space 27648K, 0% used [0x00000000ebb80000,0x00000000ebb80000,0x00000000ed680000)
 ParOldGen       total 131072K, used 59884K [0x0000000080000000, 0x0000000088000000, 0x00000000d5580000)
  object space 131072K, 45% used [0x0000000080000000,0x0000000083a7b1e0,0x0000000088000000)
 Metaspace       used 93386K, capacity 98310K, committed 98600K, reserved 1134592K
  class space    used 12634K, capacity 13566K, committed 13608K, reserved 1048576K
}

