# JRE version: Java(TM) SE Runtime Environment (8.0_221-b11) (build 1.8.0_221-b11)
# Java VM: Java HotSpot(TM) 64-Bit Server VM (25.221-b11 mixed mode windows-amd64 compressed oops)
Heap:
 PSYoungGen      total 361472K, used 74785K [0x00000000d5580000, 0x00000000eed80000, 0x0000000100000000)
  eden space 327680K, 13% used [0x00000000d5580000,0x00000000d7f84618,0x00000000e9580000)
  from space 33792K, 93% used [0x00000000e9580000,0x00000000eb483e20,0x00000000eb680000)
  to   space 32256K, 0% used [0x00000000ece00000,0x00000000ece00000,0x00000000eed80000)
 ParOldGen       total 182784K, used 43965K [0x0000000080000000, 0x000000008b280000, 0x00000000d5580000)
  object space 182784K, 24% used [0x0000000080000000,0x0000000082aef620,0x000000008b280000)
 Metaspace       used 116050K, capacity 121998K, committed 122280K, reserved 1155072K
  class space    used 15314K, capacity 16445K, committed 16552K, reserved 1048576K
GC Heap History (10 events):
Event: 2863.507 GC heap before
{Heap before GC invocations=27 (full 4):
 PSYoungGen      total 332800K, used 5984K [0x00000000d5580000, 0x00000000ed880000, 0x0000000100000000)
  eden space 326656K, 0% used [0x00000000d5580000,0x00000000d5580000,0x00000000e9480000)
  from space 6144K, 97% used [0x00000000ea180000,0x00000000ea758000,0x00000000ea780000)
  to   space 34816K, 0% used [0x00000000eb680000,0x00000000eb680000,0x00000000ed880000)
 ParOldGen       total 125952K, used 93427K [0x0000000080000000, 0x0000000087b00000, 0x00000000d5580000)
  object space 125952K, 74% used [0x0000000080000000,0x0000000085b3ce18,0x0000000087b00000)
 Metaspace       used 94057K, capacity 98584K, committed 98600K, reserved 1134592K
  class space    used 12460K, capacity 13338K, committed 13352K, reserved 1048576K
Event: 2863.783 GC heap after
Heap after GC invocations=27 (full 4):
 PSYoungGen      total 332800K, used 0K [0x00000000d5580000, 0x00000000ed880000, 0x0000000100000000)
  eden space 326656K, 0% used [0x00000000d5580000,0x00000000d5580000,0x00000000e9480000)
  from space 6144K, 0% used [0x00000000ea180000,0x00000000ea180000,0x00000000ea780000)
  to   space 34816K, 0% used [0x00000000eb680000,0x00000000eb680000,0x00000000ed880000)
 ParOldGen       total 182784K, used 43941K [0x0000000080000000, 0x000000008b280000, 0x00000000d5580000)
  object space 182784K, 24% used [0x0000000080000000,0x0000000082ae9620,0x000000008b280000)
 Metaspace       used 93559K, capacity 97628K, committed 98600K, reserved 1134592K
  class space    used 12356K, capacity 13157K, committed 13352K, reserved 1048576K
}
Event: 2874.458 GC heap before
{Heap before GC invocations=28 (full 4):
 PSYoungGen      total 332800K, used 326656K [0x00000000d5580000, 0x00000000ed880000, 0x0000000100000000)
  eden space 326656K, 100% used [0x00000000d5580000,0x00000000e9480000,0x00000000e9480000)
  from space 6144K, 0% used [0x00000000ea180000,0x00000000ea180000,0x00000000ea780000)
  to   space 34816K, 0% used [0x00000000eb680000,0x00000000eb680000,0x00000000ed880000)
 ParOldGen       total 182784K, used 43941K [0x0000000080000000, 0x000000008b280000, 0x00000000d5580000)
  object space 182784K, 24% used [0x0000000080000000,0x0000000082ae9620,0x000000008b280000)
 Metaspace       used 100566K, capacity 105120K, committed 105384K, reserved 1140736K
  class space    used 13260K, capacity 14141K, committed 14248K, reserved 1048576K
Event: 2874.490 GC heap after
Heap after GC invocations=28 (full 4):
 PSYoungGen      total 362496K, used 17339K [0x00000000d5580000, 0x00000000ef680000, 0x0000000100000000)
  eden space 327680K, 0% used [0x00000000d5580000,0x00000000d5580000,0x00000000e9580000)
  from space 34816K, 49% used [0x00000000eb680000,0x00000000ec76efe8,0x00000000ed880000)
  to   space 33792K, 0% used [0x00000000e9580000,0x00000000e9580000,0x00000000eb680000)
 ParOldGen       total 182784K, used 43949K [0x0000000080000000, 0x000000008b280000, 0x00000000d5580000)
  object space 182784K, 24% used [0x0000000080000000,0x0000000082aeb620,0x000000008b280000)
 Metaspace       used 100566K, capacity 105120K, committed 105384K, reserved 1140736K
  class space    used 13260K, capacity 14141K, committed 14248K, reserved 1048576K
}
Event: 2882.212 GC heap before
{Heap before GC invocations=29 (full 4):
 PSYoungGen      total 362496K, used 345019K [0x00000000d5580000, 0x00000000ef680000, 0x0000000100000000)
  eden space 327680K, 100% used [0x00000000d5580000,0x00000000e9580000,0x00000000e9580000)
  from space 34816K, 49% used [0x00000000eb680000,0x00000000ec76efe8,0x00000000ed880000)
  to   space 33792K, 0% used [0x00000000e9580000,0x00000000e9580000,0x00000000eb680000)
 ParOldGen       total 182784K, used 43949K [0x0000000080000000, 0x000000008b280000, 0x00000000d5580000)
  object space 182784K, 24% used [0x0000000080000000,0x0000000082aeb620,0x000000008b280000)
 Metaspace       used 102268K, capacity 106986K, committed 107176K, reserved 1142784K
  class space    used 13443K, capacity 14396K, committed 14504K, reserved 1048576K
Event: 2882.276 GC heap after
Heap after GC invocations=29 (full 4):
 PSYoungGen      total 361472K, used 15912K [0x00000000d5580000, 0x00000000eed80000, 0x0000000100000000)
  eden space 327680K, 0% used [0x00000000d5580000,0x00000000d5580000,0x00000000e9580000)
  from space 33792K, 47% used [0x00000000e9580000,0x00000000ea50a050,0x00000000eb680000)
  to   space 32256K, 0% used [0x00000000ece00000,0x00000000ece00000,0x00000000eed80000)
 ParOldGen       total 182784K, used 43949K [0x0000000080000000, 0x000000008b280000, 0x00000000d5580000)
  object space 182784K, 24% used [0x0000000080000000,0x0000000082aeb620,0x000000008b280000)
 Metaspace       used 102268K, capacity 106986K, committed 107176K, reserved 1142784K
  class space    used 13443K, capacity 14396K, committed 14504K, reserved 1048576K
}
Event: 2886.347 GC heap before
{Heap before GC invocations=30 (full 4):
 PSYoungGen      total 361472K, used 343592K [0x00000000d5580000, 0x00000000eed80000, 0x0000000100000000)
  eden space 327680K, 100% used [0x00000000d5580000,0x00000000e9580000,0x00000000e9580000)
  from space 33792K, 47% used [0x00000000e9580000,0x00000000ea50a050,0x00000000eb680000)
  to   space 32256K, 0% used [0x00000000ece00000,0x00000000ece00000,0x00000000eed80000)
 ParOldGen       total 182784K, used 43949K [0x0000000080000000, 0x000000008b280000, 0x00000000d5580000)
  object space 182784K, 24% used [0x0000000080000000,0x0000000082aeb620,0x000000008b280000)
 Metaspace       used 108375K, capacity 113208K, committed 113320K, reserved 1146880K
  class space    used 14202K, capacity 15196K, committed 15272K, reserved 1048576K
Event: 2886.390 GC heap after
Heap after GC invocations=30 (full 4):
 PSYoungGen      total 359936K, used 23723K [0x00000000d5580000, 0x00000000eed80000, 0x0000000100000000)
  eden space 327680K, 0% used [0x00000000d5580000,0x00000000d5580000,0x00000000e9580000)
  from space 32256K, 73% used [0x00000000ece00000,0x00000000ee52ad98,0x00000000eed80000)
  to   space 33792K, 0% used [0x00000000e9580000,0x00000000e9580000,0x00000000eb680000)
 ParOldGen       total 182784K, used 43957K [0x0000000080000000, 0x000000008b280000, 0x00000000d5580000)
  object space 182784K, 24% used [0x0000000080000000,0x0000000082aed620,0x000000008b280000)
 Metaspace       used 108375K, capacity 113208K, committed 113320K, reserved 1146880K
  class space    used 14202K, capacity 15196K, committed 15272K, reserved 1048576K
}
Event: 2891.001 GC heap before
{Heap before GC invocations=31 (full 4):
 PSYoungGen      total 359936K, used 351403K [0x00000000d5580000, 0x00000000eed80000, 0x0000000100000000)
  eden space 327680K, 100% used [0x00000000d5580000,0x00000000e9580000,0x00000000e9580000)
  from space 32256K, 73% used [0x00000000ece00000,0x00000000ee52ad98,0x00000000eed80000)
  to   space 33792K, 0% used [0x00000000e9580000,0x00000000e9580000,0x00000000eb680000)
 ParOldGen       total 182784K, used 43957K [0x0000000080000000, 0x000000008b280000, 0x00000000d5580000)
  object space 182784K, 24% used [0x0000000080000000,0x0000000082aed620,0x000000008b280000)
 Metaspace       used 115981K, capacity 121916K, committed 122280K, reserved 1155072K
  class space    used 15308K, capacity 16442K, committed 16552K, reserved 1048576K
Event: 2891.053 GC heap after
Heap after GC invocations=31 (full 4):
 PSYoungGen      total 361472K, used 31759K [0x00000000d5580000, 0x00000000eed80000, 0x0000000100000000)
  eden space 327680K, 0% used [0x00000000d5580000,0x00000000d5580000,0x00000000e9580000)
  from space 33792K, 93% used [0x00000000e9580000,0x00000000eb483e20,0x00000000eb680000)
  to   space 32256K, 0% used [0x00000000ece00000,0x00000000ece00000,0x00000000eed80000)
 ParOldGen       total 182784K, used 43965K [0x0000000080000000, 0x000000008b280000, 0x00000000d5580000)
  object space 182784K, 24% used [0x0000000080000000,0x0000000082aef620,0x000000008b280000)
 Metaspace       used 115981K, capacity 121916K, committed 122280K, reserved 1155072K
  class space    used 15308K, capacity 16442K, committed 16552K, reserved 1048576K
}

