# JRE version: Java(TM) SE Runtime Environment (8.0_221-b11) (build 1.8.0_221-b11)
# Java VM: Java HotSpot(TM) 64-Bit Server VM (25.221-b11 mixed mode windows-amd64 compressed oops)
Heap:
 PSYoungGen      total 150528K, used 143327K [0x00000000d5580000, 0x00000000e0600000, 0x0000000100000000)
  eden space 142336K, 95% used [0x00000000d5580000,0x00000000dd9abc20,0x00000000de080000)
  from space 8192K, 97% used [0x00000000dfe00000,0x00000000e05cc218,0x00000000e0600000)
  to   space 11264K, 0% used [0x00000000df000000,0x00000000df000000,0x00000000dfb00000)
 ParOldGen       total 82944K, used 14745K [0x0000000080000000, 0x0000000085100000, 0x00000000d5580000)
  object space 82944K, 17% used [0x0000000080000000,0x0000000080e667c8,0x0000000085100000)
 Metaspace       used 50926K, capacity 53004K, committed 53248K, reserved 1095680K
  class space    used 6968K, capacity 7402K, committed 7424K, reserved 1048576K
GC Heap History (10 events):
Event: 7.786 GC heap before
{Heap before GC invocations=8 (full 1):
 PSYoungGen      total 76288K, used 66048K [0x00000000d5580000, 0x00000000dab80000, 0x0000000100000000)
  eden space 66048K, 100% used [0x00000000d5580000,0x00000000d9600000,0x00000000d9600000)
  from space 10240K, 0% used [0x00000000da080000,0x00000000da080000,0x00000000daa80000)
  to   space 10752K, 0% used [0x00000000d9600000,0x00000000d9600000,0x00000000da080000)
 ParOldGen       total 56832K, used 9088K [0x0000000080000000, 0x0000000083780000, 0x00000000d5580000)
  object space 56832K, 15% used [0x0000000080000000,0x00000000808e03e8,0x0000000083780000)
 Metaspace       used 28384K, capacity 29194K, committed 29440K, reserved 1075200K
  class space    used 4005K, capacity 4235K, committed 4352K, reserved 1048576K
Event: 7.796 GC heap after
Heap after GC invocations=8 (full 1):
 PSYoungGen      total 76800K, used 8120K [0x00000000d5580000, 0x00000000dd780000, 0x0000000100000000)
  eden space 66048K, 0% used [0x00000000d5580000,0x00000000d5580000,0x00000000d9600000)
  from space 10752K, 75% used [0x00000000d9600000,0x00000000d9dee0f0,0x00000000da080000)
  to   space 11264K, 0% used [0x00000000dcc80000,0x00000000dcc80000,0x00000000dd780000)
 ParOldGen       total 56832K, used 9096K [0x0000000080000000, 0x0000000083780000, 0x00000000d5580000)
  object space 56832K, 16% used [0x0000000080000000,0x00000000808e23e8,0x0000000083780000)
 Metaspace       used 28384K, capacity 29194K, committed 29440K, reserved 1075200K
  class space    used 4005K, capacity 4235K, committed 4352K, reserved 1048576K
}
Event: 8.872 GC heap before
{Heap before GC invocations=9 (full 1):
 PSYoungGen      total 76800K, used 74168K [0x00000000d5580000, 0x00000000dd780000, 0x0000000100000000)
  eden space 66048K, 100% used [0x00000000d5580000,0x00000000d9600000,0x00000000d9600000)
  from space 10752K, 75% used [0x00000000d9600000,0x00000000d9dee0f0,0x00000000da080000)
  to   space 11264K, 0% used [0x00000000dcc80000,0x00000000dcc80000,0x00000000dd780000)
 ParOldGen       total 56832K, used 9096K [0x0000000080000000, 0x0000000083780000, 0x00000000d5580000)
  object space 56832K, 16% used [0x0000000080000000,0x00000000808e23e8,0x0000000083780000)
 Metaspace       used 32888K, capacity 33908K, committed 34048K, reserved 1079296K
  class space    used 4596K, capacity 4850K, committed 4864K, reserved 1048576K
Event: 8.886 GC heap after
Heap after GC invocations=9 (full 1):
 PSYoungGen      total 121344K, used 9292K [0x00000000d5580000, 0x00000000dd880000, 0x0000000100000000)
  eden space 110080K, 0% used [0x00000000d5580000,0x00000000d5580000,0x00000000dc100000)
  from space 11264K, 82% used [0x00000000dcc80000,0x00000000dd593240,0x00000000dd780000)
  to   space 11776K, 0% used [0x00000000dc100000,0x00000000dc100000,0x00000000dcc80000)
 ParOldGen       total 56832K, used 9104K [0x0000000080000000, 0x0000000083780000, 0x00000000d5580000)
  object space 56832K, 16% used [0x0000000080000000,0x00000000808e43e8,0x0000000083780000)
 Metaspace       used 32888K, capacity 33908K, committed 34048K, reserved 1079296K
  class space    used 4596K, capacity 4850K, committed 4864K, reserved 1048576K
}
Event: 9.235 GC heap before
{Heap before GC invocations=10 (full 1):
 PSYoungGen      total 121344K, used 37617K [0x00000000d5580000, 0x00000000dd880000, 0x0000000100000000)
  eden space 110080K, 25% used [0x00000000d5580000,0x00000000d7129390,0x00000000dc100000)
  from space 11264K, 82% used [0x00000000dcc80000,0x00000000dd593240,0x00000000dd780000)
  to   space 11776K, 0% used [0x00000000dc100000,0x00000000dc100000,0x00000000dcc80000)
 ParOldGen       total 56832K, used 9104K [0x0000000080000000, 0x0000000083780000, 0x00000000d5580000)
  object space 56832K, 16% used [0x0000000080000000,0x00000000808e43e8,0x0000000083780000)
 Metaspace       used 34319K, capacity 35450K, committed 35496K, reserved 1079296K
  class space    used 4833K, capacity 5100K, committed 5120K, reserved 1048576K
Event: 9.251 GC heap after
Heap after GC invocations=10 (full 1):
 PSYoungGen      total 121856K, used 8012K [0x00000000d5580000, 0x00000000e0980000, 0x0000000100000000)
  eden space 110080K, 0% used [0x00000000d5580000,0x00000000d5580000,0x00000000dc100000)
  from space 11776K, 68% used [0x00000000dc100000,0x00000000dc8d31c8,0x00000000dcc80000)
  to   space 11776K, 0% used [0x00000000dfe00000,0x00000000dfe00000,0x00000000e0980000)
 ParOldGen       total 56832K, used 9112K [0x0000000080000000, 0x0000000083780000, 0x00000000d5580000)
  object space 56832K, 16% used [0x0000000080000000,0x00000000808e63e8,0x0000000083780000)
 Metaspace       used 34319K, capacity 35450K, committed 35496K, reserved 1079296K
  class space    used 4833K, capacity 5100K, committed 5120K, reserved 1048576K
}
Event: 9.251 GC heap before
{Heap before GC invocations=11 (full 2):
 PSYoungGen      total 121856K, used 8012K [0x00000000d5580000, 0x00000000e0980000, 0x0000000100000000)
  eden space 110080K, 0% used [0x00000000d5580000,0x00000000d5580000,0x00000000dc100000)
  from space 11776K, 68% used [0x00000000dc100000,0x00000000dc8d31c8,0x00000000dcc80000)
  to   space 11776K, 0% used [0x00000000dfe00000,0x00000000dfe00000,0x00000000e0980000)
 ParOldGen       total 56832K, used 9112K [0x0000000080000000, 0x0000000083780000, 0x00000000d5580000)
  object space 56832K, 16% used [0x0000000080000000,0x00000000808e63e8,0x0000000083780000)
 Metaspace       used 34319K, capacity 35450K, committed 35496K, reserved 1079296K
  class space    used 4833K, capacity 5100K, committed 5120K, reserved 1048576K
Event: 9.333 GC heap after
Heap after GC invocations=11 (full 2):
 PSYoungGen      total 121856K, used 0K [0x00000000d5580000, 0x00000000e0980000, 0x0000000100000000)
  eden space 110080K, 0% used [0x00000000d5580000,0x00000000d5580000,0x00000000dc100000)
  from space 11776K, 0% used [0x00000000dc100000,0x00000000dc100000,0x00000000dcc80000)
  to   space 11776K, 0% used [0x00000000dfe00000,0x00000000dfe00000,0x00000000e0980000)
 ParOldGen       total 82944K, used 14737K [0x0000000080000000, 0x0000000085100000, 0x00000000d5580000)
  object space 82944K, 17% used [0x0000000080000000,0x0000000080e647c8,0x0000000085100000)
 Metaspace       used 34319K, capacity 35450K, committed 35496K, reserved 1079296K
  class space    used 4833K, capacity 5100K, committed 5120K, reserved 1048576K
}
Event: 10.830 GC heap before
{Heap before GC invocations=12 (full 2):
 PSYoungGen      total 121856K, used 110080K [0x00000000d5580000, 0x00000000e0980000, 0x0000000100000000)
  eden space 110080K, 100% used [0x00000000d5580000,0x00000000dc100000,0x00000000dc100000)
  from space 11776K, 0% used [0x00000000dc100000,0x00000000dc100000,0x00000000dcc80000)
  to   space 11776K, 0% used [0x00000000dfe00000,0x00000000dfe00000,0x00000000e0980000)
 ParOldGen       total 82944K, used 14737K [0x0000000080000000, 0x0000000085100000, 0x00000000d5580000)
  object space 82944K, 17% used [0x0000000080000000,0x0000000080e647c8,0x0000000085100000)
 Metaspace       used 38397K, capacity 40024K, committed 40320K, reserved 1083392K
  class space    used 5415K, capacity 5708K, committed 5760K, reserved 1048576K
Event: 10.846 GC heap after
Heap after GC invocations=12 (full 2):
 PSYoungGen      total 150528K, used 7984K [0x00000000d5580000, 0x00000000e0600000, 0x0000000100000000)
  eden space 142336K, 0% used [0x00000000d5580000,0x00000000d5580000,0x00000000de080000)
  from space 8192K, 97% used [0x00000000dfe00000,0x00000000e05cc218,0x00000000e0600000)
  to   space 11264K, 0% used [0x00000000df000000,0x00000000df000000,0x00000000dfb00000)
 ParOldGen       total 82944K, used 14745K [0x0000000080000000, 0x0000000085100000, 0x00000000d5580000)
  object space 82944K, 17% used [0x0000000080000000,0x0000000080e667c8,0x0000000085100000)
 Metaspace       used 38397K, capacity 40024K, committed 40320K, reserved 1083392K
  class space    used 5415K, capacity 5708K, committed 5760K, reserved 1048576K
}

