# JRE version: Java(TM) SE Runtime Environment (8.0_221-b11) (build 1.8.0_221-b11)
# Java VM: Java HotSpot(TM) 64-Bit Server VM (25.221-b11 mixed mode windows-amd64 compressed oops)
Heap:
 PSYoungGen      total 163328K, used 2381K [0x00000000d5580000, 0x00000000e2300000, 0x0000000100000000)
  eden space 143360K, 1% used [0x00000000d5580000,0x00000000d57d34a8,0x00000000de180000)
  from space 19968K, 0% used [0x00000000e0f80000,0x00000000e0f80000,0x00000000e2300000)
  to   space 19456K, 0% used [0x00000000de180000,0x00000000de180000,0x00000000df480000)
 ParOldGen       total 151040K, used 52299K [0x0000000080000000, 0x0000000089380000, 0x00000000d5580000)
  object space 151040K, 34% used [0x0000000080000000,0x0000000083312f60,0x0000000089380000)
 Metaspace       used 66905K, capacity 70036K, committed 70528K, reserved 1112064K
  class space    used 9415K, capacity 10003K, committed 10112K, reserved 1048576K
GC Heap History (10 events):
Event: 15.302 GC heap before
{Heap before GC invocations=14 (full 2):
 PSYoungGen      total 133120K, used 101274K [0x00000000d5580000, 0x00000000e0380000, 0x0000000100000000)
  eden space 121856K, 73% used [0x00000000d5580000,0x00000000dad69350,0x00000000dcc80000)
  from space 11264K, 99% used [0x00000000dcc80000,0x00000000dd77d860,0x00000000dd780000)
  to   space 15360K, 0% used [0x00000000df480000,0x00000000df480000,0x00000000e0380000)
 ParOldGen       total 97280K, used 22971K [0x0000000080000000, 0x0000000085f00000, 0x00000000d5580000)
  object space 97280K, 23% used [0x0000000080000000,0x000000008166efb8,0x0000000085f00000)
 Metaspace       used 56768K, capacity 59070K, committed 59136K, reserved 1099776K
  class space    used 7933K, capacity 8392K, committed 8448K, reserved 1048576K
Event: 15.360 GC heap after
Heap after GC invocations=14 (full 2):
 PSYoungGen      total 158720K, used 15356K [0x00000000d5580000, 0x00000000e1300000, 0x0000000100000000)
  eden space 143360K, 0% used [0x00000000d5580000,0x00000000d5580000,0x00000000de180000)
  from space 15360K, 99% used [0x00000000df480000,0x00000000e037f320,0x00000000e0380000)
  to   space 19456K, 0% used [0x00000000de180000,0x00000000de180000,0x00000000df480000)
 ParOldGen       total 97280K, used 28722K [0x0000000080000000, 0x0000000085f00000, 0x00000000d5580000)
  object space 97280K, 29% used [0x0000000080000000,0x0000000081c0c820,0x0000000085f00000)
 Metaspace       used 56768K, capacity 59070K, committed 59136K, reserved 1099776K
  class space    used 7933K, capacity 8392K, committed 8448K, reserved 1048576K
}
Event: 15.360 GC heap before
{Heap before GC invocations=15 (full 3):
 PSYoungGen      total 158720K, used 15356K [0x00000000d5580000, 0x00000000e1300000, 0x0000000100000000)
  eden space 143360K, 0% used [0x00000000d5580000,0x00000000d5580000,0x00000000de180000)
  from space 15360K, 99% used [0x00000000df480000,0x00000000e037f320,0x00000000e0380000)
  to   space 19456K, 0% used [0x00000000de180000,0x00000000de180000,0x00000000df480000)
 ParOldGen       total 97280K, used 28722K [0x0000000080000000, 0x0000000085f00000, 0x00000000d5580000)
  object space 97280K, 29% used [0x0000000080000000,0x0000000081c0c820,0x0000000085f00000)
 Metaspace       used 56768K, capacity 59070K, committed 59136K, reserved 1099776K
  class space    used 7933K, capacity 8392K, committed 8448K, reserved 1048576K
Event: 15.693 GC heap after
Heap after GC invocations=15 (full 3):
 PSYoungGen      total 158720K, used 0K [0x00000000d5580000, 0x00000000e1300000, 0x0000000100000000)
  eden space 143360K, 0% used [0x00000000d5580000,0x00000000d5580000,0x00000000de180000)
  from space 15360K, 0% used [0x00000000df480000,0x00000000df480000,0x00000000e0380000)
  to   space 19456K, 0% used [0x00000000de180000,0x00000000de180000,0x00000000df480000)
 ParOldGen       total 151040K, used 33372K [0x0000000080000000, 0x0000000089380000, 0x00000000d5580000)
  object space 151040K, 22% used [0x0000000080000000,0x0000000082097240,0x0000000089380000)
 Metaspace       used 56761K, capacity 59046K, committed 59136K, reserved 1099776K
  class space    used 7930K, capacity 8388K, committed 8448K, reserved 1048576K
}
Event: 19.062 GC heap before
{Heap before GC invocations=16 (full 3):
 PSYoungGen      total 158720K, used 143360K [0x00000000d5580000, 0x00000000e1300000, 0x0000000100000000)
  eden space 143360K, 100% used [0x00000000d5580000,0x00000000de180000,0x00000000de180000)
  from space 15360K, 0% used [0x00000000df480000,0x00000000df480000,0x00000000e0380000)
  to   space 19456K, 0% used [0x00000000de180000,0x00000000de180000,0x00000000df480000)
 ParOldGen       total 151040K, used 33372K [0x0000000080000000, 0x0000000089380000, 0x00000000d5580000)
  object space 151040K, 22% used [0x0000000080000000,0x0000000082097240,0x0000000089380000)
 Metaspace       used 63461K, capacity 66366K, committed 66688K, reserved 1105920K
  class space    used 8956K, capacity 9512K, committed 9600K, reserved 1048576K
Event: 19.086 GC heap after
Heap after GC invocations=16 (full 3):
 PSYoungGen      total 162816K, used 13984K [0x00000000d5580000, 0x00000000e2300000, 0x0000000100000000)
  eden space 143360K, 0% used [0x00000000d5580000,0x00000000d5580000,0x00000000de180000)
  from space 19456K, 71% used [0x00000000de180000,0x00000000def28258,0x00000000df480000)
  to   space 19968K, 0% used [0x00000000e0f80000,0x00000000e0f80000,0x00000000e2300000)
 ParOldGen       total 151040K, used 33380K [0x0000000080000000, 0x0000000089380000, 0x00000000d5580000)
  object space 151040K, 22% used [0x0000000080000000,0x0000000082099240,0x0000000089380000)
 Metaspace       used 63461K, capacity 66366K, committed 66688K, reserved 1105920K
  class space    used 8956K, capacity 9512K, committed 9600K, reserved 1048576K
}
Event: 20.915 GC heap before
{Heap before GC invocations=17 (full 3):
 PSYoungGen      total 162816K, used 119109K [0x00000000d5580000, 0x00000000e2300000, 0x0000000100000000)
  eden space 143360K, 73% used [0x00000000d5580000,0x00000000dbc29518,0x00000000de180000)
  from space 19456K, 71% used [0x00000000de180000,0x00000000def28258,0x00000000df480000)
  to   space 19968K, 0% used [0x00000000e0f80000,0x00000000e0f80000,0x00000000e2300000)
 ParOldGen       total 151040K, used 33380K [0x0000000080000000, 0x0000000089380000, 0x00000000d5580000)
  object space 151040K, 22% used [0x0000000080000000,0x0000000082099240,0x0000000089380000)
 Metaspace       used 66924K, capacity 70138K, committed 70272K, reserved 1114112K
  class space    used 9430K, capacity 10034K, committed 10112K, reserved 1048576K
Event: 20.939 GC heap after
Heap after GC invocations=17 (full 3):
 PSYoungGen      total 163328K, used 19948K [0x00000000d5580000, 0x00000000e2300000, 0x0000000100000000)
  eden space 143360K, 0% used [0x00000000d5580000,0x00000000d5580000,0x00000000de180000)
  from space 19968K, 99% used [0x00000000e0f80000,0x00000000e22fb058,0x00000000e2300000)
  to   space 19456K, 0% used [0x00000000de180000,0x00000000de180000,0x00000000df480000)
 ParOldGen       total 151040K, used 38454K [0x0000000080000000, 0x0000000089380000, 0x00000000d5580000)
  object space 151040K, 25% used [0x0000000080000000,0x000000008258dbf0,0x0000000089380000)
 Metaspace       used 66924K, capacity 70138K, committed 70272K, reserved 1114112K
  class space    used 9430K, capacity 10034K, committed 10112K, reserved 1048576K
}
Event: 20.939 GC heap before
{Heap before GC invocations=18 (full 4):
 PSYoungGen      total 163328K, used 19948K [0x00000000d5580000, 0x00000000e2300000, 0x0000000100000000)
  eden space 143360K, 0% used [0x00000000d5580000,0x00000000d5580000,0x00000000de180000)
  from space 19968K, 99% used [0x00000000e0f80000,0x00000000e22fb058,0x00000000e2300000)
  to   space 19456K, 0% used [0x00000000de180000,0x00000000de180000,0x00000000df480000)
 ParOldGen       total 151040K, used 38454K [0x0000000080000000, 0x0000000089380000, 0x00000000d5580000)
  object space 151040K, 25% used [0x0000000080000000,0x000000008258dbf0,0x0000000089380000)
 Metaspace       used 66924K, capacity 70138K, committed 70272K, reserved 1114112K
  class space    used 9430K, capacity 10034K, committed 10112K, reserved 1048576K
Event: 21.153 GC heap after
Heap after GC invocations=18 (full 4):
 PSYoungGen      total 163328K, used 0K [0x00000000d5580000, 0x00000000e2300000, 0x0000000100000000)
  eden space 143360K, 0% used [0x00000000d5580000,0x00000000d5580000,0x00000000de180000)
  from space 19968K, 0% used [0x00000000e0f80000,0x00000000e0f80000,0x00000000e2300000)
  to   space 19456K, 0% used [0x00000000de180000,0x00000000de180000,0x00000000df480000)
 ParOldGen       total 151040K, used 52299K [0x0000000080000000, 0x0000000089380000, 0x00000000d5580000)
  object space 151040K, 34% used [0x0000000080000000,0x0000000083312f60,0x0000000089380000)
 Metaspace       used 66865K, capacity 69972K, committed 70272K, reserved 1112064K
  class space    used 9412K, capacity 10003K, committed 10112K, reserved 1048576K
}

