# JRE version: Java(TM) SE Runtime Environment (8.0_221-b11) (build 1.8.0_221-b11)
# Java VM: Java HotSpot(TM) 64-Bit Server VM (25.221-b11 mixed mode windows-amd64 compressed oops)
Heap:
 PSYoungGen      total 352256K, used 93838K [0x00000000d5580000, 0x00000000ee380000, 0x0000000100000000)
  eden space 322560K, 29% used [0x00000000d5580000,0x00000000db123b60,0x00000000e9080000)
  from space 29696K, 0% used [0x00000000ec680000,0x00000000ec680000,0x00000000ee380000)
  to   space 42496K, 0% used [0x00000000e9080000,0x00000000e9080000,0x00000000eba00000)
 ParOldGen       total 130560K, used 65126K [0x0000000080000000, 0x0000000087f80000, 0x00000000d5580000)
  object space 130560K, 49% used [0x0000000080000000,0x0000000083f99aa8,0x0000000087f80000)
 Metaspace       used 93823K, capacity 98625K, committed 98816K, reserved 1134592K
  class space    used 12563K, capacity 13451K, committed 13568K, reserved 1048576K
GC Heap History (10 events):
Event: 25.712 GC heap before
{Heap before GC invocations=16 (full 3):
 PSYoungGen      total 278528K, used 278497K [0x00000000d5580000, 0x00000000ebf00000, 0x0000000100000000)
  eden space 254976K, 100% used [0x00000000d5580000,0x00000000e4e80000,0x00000000e4e80000)
  from space 23552K, 99% used [0x00000000e7b80000,0x00000000e9278518,0x00000000e9280000)
  to   space 46080K, 0% used [0x00000000e4e80000,0x00000000e4e80000,0x00000000e7b80000)
 ParOldGen       total 130560K, used 81702K [0x0000000080000000, 0x0000000087f80000, 0x00000000d5580000)
  object space 130560K, 62% used [0x0000000080000000,0x0000000084fc98b0,0x0000000087f80000)
 Metaspace       used 77403K, capacity 81228K, committed 81536K, reserved 1120256K
  class space    used 10830K, capacity 11539K, committed 11648K, reserved 1048576K
Event: 25.807 GC heap after
Heap after GC invocations=16 (full 3):
 PSYoungGen      total 301056K, used 20595K [0x00000000d5580000, 0x00000000ef200000, 0x0000000100000000)
  eden space 254976K, 0% used [0x00000000d5580000,0x00000000d5580000,0x00000000e4e80000)
  from space 46080K, 44% used [0x00000000e4e80000,0x00000000e629cf50,0x00000000e7b80000)
  to   space 44544K, 0% used [0x00000000ec680000,0x00000000ec680000,0x00000000ef200000)
 ParOldGen       total 130560K, used 96359K [0x0000000080000000, 0x0000000087f80000, 0x00000000d5580000)
  object space 130560K, 73% used [0x0000000080000000,0x0000000085e19fe8,0x0000000087f80000)
 Metaspace       used 77403K, capacity 81228K, committed 81536K, reserved 1120256K
  class space    used 10830K, capacity 11539K, committed 11648K, reserved 1048576K
}
Event: 241.177 GC heap before
{Heap before GC invocations=17 (full 3):
 PSYoungGen      total 301056K, used 275571K [0x00000000d5580000, 0x00000000ef200000, 0x0000000100000000)
  eden space 254976K, 100% used [0x00000000d5580000,0x00000000e4e80000,0x00000000e4e80000)
  from space 46080K, 44% used [0x00000000e4e80000,0x00000000e629cf50,0x00000000e7b80000)
  to   space 44544K, 0% used [0x00000000ec680000,0x00000000ec680000,0x00000000ef200000)
 ParOldGen       total 130560K, used 96359K [0x0000000080000000, 0x0000000087f80000, 0x00000000d5580000)
  object space 130560K, 73% used [0x0000000080000000,0x0000000085e19fe8,0x0000000087f80000)
 Metaspace       used 81947K, capacity 86090K, committed 86272K, reserved 1124352K
  class space    used 11214K, capacity 11982K, committed 12032K, reserved 1048576K
Event: 241.208 GC heap after
Heap after GC invocations=17 (full 3):
 PSYoungGen      total 352256K, used 13487K [0x00000000d5580000, 0x00000000ee380000, 0x0000000100000000)
  eden space 322560K, 0% used [0x00000000d5580000,0x00000000d5580000,0x00000000e9080000)
  from space 29696K, 45% used [0x00000000ec680000,0x00000000ed3abef0,0x00000000ee380000)
  to   space 42496K, 0% used [0x00000000e9080000,0x00000000e9080000,0x00000000eba00000)
 ParOldGen       total 130560K, used 103974K [0x0000000080000000, 0x0000000087f80000, 0x00000000d5580000)
  object space 130560K, 79% used [0x0000000080000000,0x0000000086589b78,0x0000000087f80000)
 Metaspace       used 81947K, capacity 86090K, committed 86272K, reserved 1124352K
  class space    used 11214K, capacity 11982K, committed 12032K, reserved 1048576K
}
Event: 373.561 GC heap before
{Heap before GC invocations=18 (full 3):
 PSYoungGen      total 352256K, used 336047K [0x00000000d5580000, 0x00000000ee380000, 0x0000000100000000)
  eden space 322560K, 100% used [0x00000000d5580000,0x00000000e9080000,0x00000000e9080000)
  from space 29696K, 45% used [0x00000000ec680000,0x00000000ed3abef0,0x00000000ee380000)
  to   space 42496K, 0% used [0x00000000e9080000,0x00000000e9080000,0x00000000eba00000)
 ParOldGen       total 130560K, used 103974K [0x0000000080000000, 0x0000000087f80000, 0x00000000d5580000)
  object space 130560K, 79% used [0x0000000080000000,0x0000000086589b78,0x0000000087f80000)
 Metaspace       used 91597K, capacity 96504K, committed 96640K, reserved 1132544K
  class space    used 12481K, capacity 13330K, committed 13440K, reserved 1048576K
Event: 373.588 GC heap after
Heap after GC invocations=18 (full 3):
 PSYoungGen      total 365056K, used 18734K [0x00000000d5580000, 0x00000000ee380000, 0x0000000100000000)
  eden space 322560K, 0% used [0x00000000d5580000,0x00000000d5580000,0x00000000e9080000)
  from space 42496K, 44% used [0x00000000e9080000,0x00000000ea2cb948,0x00000000eba00000)
  to   space 29696K, 0% used [0x00000000ec680000,0x00000000ec680000,0x00000000ee380000)
 ParOldGen       total 130560K, used 103982K [0x0000000080000000, 0x0000000087f80000, 0x00000000d5580000)
  object space 130560K, 79% used [0x0000000080000000,0x000000008658bb78,0x0000000087f80000)
 Metaspace       used 91597K, capacity 96504K, committed 96640K, reserved 1132544K
  class space    used 12481K, capacity 13330K, committed 13440K, reserved 1048576K
}
Event: 376.621 GC heap before
{Heap before GC invocations=19 (full 3):
 PSYoungGen      total 365056K, used 202729K [0x00000000d5580000, 0x00000000ee380000, 0x0000000100000000)
  eden space 322560K, 57% used [0x00000000d5580000,0x00000000e092eca8,0x00000000e9080000)
  from space 42496K, 44% used [0x00000000e9080000,0x00000000ea2cb948,0x00000000eba00000)
  to   space 29696K, 0% used [0x00000000ec680000,0x00000000ec680000,0x00000000ee380000)
 ParOldGen       total 130560K, used 103982K [0x0000000080000000, 0x0000000087f80000, 0x00000000d5580000)
  object space 130560K, 79% used [0x0000000080000000,0x000000008658bb78,0x0000000087f80000)
 Metaspace       used 93562K, capacity 98437K, committed 98560K, reserved 1134592K
  class space    used 12573K, capacity 13445K, committed 13568K, reserved 1048576K
Event: 376.665 GC heap after
Heap after GC invocations=19 (full 3):
 PSYoungGen      total 352256K, used 24353K [0x00000000d5580000, 0x00000000ee380000, 0x0000000100000000)
  eden space 322560K, 0% used [0x00000000d5580000,0x00000000d5580000,0x00000000e9080000)
  from space 29696K, 82% used [0x00000000ec680000,0x00000000ede48620,0x00000000ee380000)
  to   space 42496K, 0% used [0x00000000e9080000,0x00000000e9080000,0x00000000eba00000)
 ParOldGen       total 130560K, used 103990K [0x0000000080000000, 0x0000000087f80000, 0x00000000d5580000)
  object space 130560K, 79% used [0x0000000080000000,0x000000008658db78,0x0000000087f80000)
 Metaspace       used 93562K, capacity 98437K, committed 98560K, reserved 1134592K
  class space    used 12573K, capacity 13445K, committed 13568K, reserved 1048576K
}
Event: 376.665 GC heap before
{Heap before GC invocations=20 (full 4):
 PSYoungGen      total 352256K, used 24353K [0x00000000d5580000, 0x00000000ee380000, 0x0000000100000000)
  eden space 322560K, 0% used [0x00000000d5580000,0x00000000d5580000,0x00000000e9080000)
  from space 29696K, 82% used [0x00000000ec680000,0x00000000ede48620,0x00000000ee380000)
  to   space 42496K, 0% used [0x00000000e9080000,0x00000000e9080000,0x00000000eba00000)
 ParOldGen       total 130560K, used 103990K [0x0000000080000000, 0x0000000087f80000, 0x00000000d5580000)
  object space 130560K, 79% used [0x0000000080000000,0x000000008658db78,0x0000000087f80000)
 Metaspace       used 93562K, capacity 98437K, committed 98560K, reserved 1134592K
  class space    used 12573K, capacity 13445K, committed 13568K, reserved 1048576K
Event: 376.931 GC heap after
Heap after GC invocations=20 (full 4):
 PSYoungGen      total 352256K, used 0K [0x00000000d5580000, 0x00000000ee380000, 0x0000000100000000)
  eden space 322560K, 0% used [0x00000000d5580000,0x00000000d5580000,0x00000000e9080000)
  from space 29696K, 0% used [0x00000000ec680000,0x00000000ec680000,0x00000000ee380000)
  to   space 42496K, 0% used [0x00000000e9080000,0x00000000e9080000,0x00000000eba00000)
 ParOldGen       total 130560K, used 65126K [0x0000000080000000, 0x0000000087f80000, 0x00000000d5580000)
  object space 130560K, 49% used [0x0000000080000000,0x0000000083f99aa8,0x0000000087f80000)
 Metaspace       used 93491K, capacity 98239K, committed 98560K, reserved 1134592K
  class space    used 12549K, capacity 13404K, committed 13568K, reserved 1048576K
}

